2018-10-10 16:08:28.763  INFO 7523 --- [restartedMain] com.example.demo.BackendApplication      : Starting BackendApplication on yings-air-5.student.iastate.edu with PID 7523 (/Users/tensoncai/CS309/SB_7/Backend/backend/target/classes started by tensoncai in /Users/tensoncai/CS309/SB_7/Backend/backend)
2018-10-10 16:08:28.787  INFO 7523 --- [restartedMain] com.example.demo.BackendApplication      : No active profile set, falling back to default profiles: default
2018-10-10 16:08:28.915  INFO 7523 --- [restartedMain] ConfigServletWebServerApplicationContext : Refreshing org.springframework.boot.web.servlet.context.AnnotationConfigServletWebServerApplicationContext@44574f80: startup date [Wed Oct 10 16:08:28 CDT 2018]; root of context hierarchy
2018-10-10 16:08:31.931  INFO 7523 --- [restartedMain] trationDelegate$BeanPostProcessorChecker : Bean 'org.springframework.transaction.annotation.ProxyTransactionManagementConfiguration' of type [org.springframework.transaction.annotation.ProxyTransactionManagementConfiguration$$EnhancerBySpringCGLIB$$af24ca15] is not eligible for getting processed by all BeanPostProcessors (for example: not eligible for auto-proxying)
2018-10-10 16:08:32.684  INFO 7523 --- [restartedMain] o.s.b.w.embedded.tomcat.TomcatWebServer  : Tomcat initialized with port(s): 8080 (http)
2018-10-10 16:08:32.771  INFO 7523 --- [restartedMain] o.apache.catalina.core.StandardService   : Starting service [Tomcat]
2018-10-10 16:08:32.772  INFO 7523 --- [restartedMain] org.apache.catalina.core.StandardEngine  : Starting Servlet Engine: Apache Tomcat/8.5.34
2018-10-10 16:08:32.779  INFO 7523 --- [localhost-startStop-1] o.a.catalina.core.AprLifecycleListener   : The APR based Apache Tomcat Native library which allows optimal performance in production environments was not found on the java.library.path: [/Users/tensoncai/Library/Java/Extensions:/Library/Java/Extensions:/Network/Library/Java/Extensions:/System/Library/Java/Extensions:/usr/lib/java:.]
2018-10-10 16:08:32.980  INFO 7523 --- [localhost-startStop-1] o.a.c.c.C.[Tomcat].[localhost].[/]       : Initializing Spring embedded WebApplicationContext
2018-10-10 16:08:32.982  INFO 7523 --- [localhost-startStop-1] o.s.web.context.ContextLoader            : Root WebApplicationContext: initialization completed in 4068 ms
2018-10-10 16:08:33.814  INFO 7523 --- [localhost-startStop-1] o.s.b.w.servlet.FilterRegistrationBean   : Mapping filter: 'characterEncodingFilter' to: [/*]
2018-10-10 16:08:33.815  INFO 7523 --- [localhost-startStop-1] o.s.b.w.servlet.FilterRegistrationBean   : Mapping filter: 'webMvcMetricsFilter' to: [/*]
2018-10-10 16:08:33.816  INFO 7523 --- [localhost-startStop-1] o.s.b.w.servlet.FilterRegistrationBean   : Mapping filter: 'hiddenHttpMethodFilter' to: [/*]
2018-10-10 16:08:33.816  INFO 7523 --- [localhost-startStop-1] o.s.b.w.servlet.FilterRegistrationBean   : Mapping filter: 'httpPutFormContentFilter' to: [/*]
2018-10-10 16:08:33.816  INFO 7523 --- [localhost-startStop-1] o.s.b.w.servlet.FilterRegistrationBean   : Mapping filter: 'requestContextFilter' to: [/*]
2018-10-10 16:08:33.816  INFO 7523 --- [localhost-startStop-1] o.s.b.w.servlet.FilterRegistrationBean   : Mapping filter: 'httpTraceFilter' to: [/*]
2018-10-10 16:08:33.816  INFO 7523 --- [localhost-startStop-1] o.s.b.w.servlet.ServletRegistrationBean  : Servlet dispatcherServlet mapped to [/]
2018-10-10 16:08:34.001  INFO 7523 --- [restartedMain] com.zaxxer.hikari.HikariDataSource       : HikariPool-1 - Starting...
2018-10-10 16:08:35.948  INFO 7523 --- [restartedMain] com.zaxxer.hikari.HikariDataSource       : HikariPool-1 - Start completed.
2018-10-10 16:08:36.003  INFO 7523 --- [restartedMain] j.LocalContainerEntityManagerFactoryBean : Building JPA container EntityManagerFactory for persistence unit 'default'
2018-10-10 16:08:36.041  INFO 7523 --- [restartedMain] o.hibernate.jpa.internal.util.LogHelper  : HHH000204: Processing PersistenceUnitInfo [
	name: default
	...]
2018-10-10 16:08:36.209  INFO 7523 --- [restartedMain] org.hibernate.Version                    : HHH000412: Hibernate Core {5.2.17.Final}
2018-10-10 16:08:36.211  INFO 7523 --- [restartedMain] org.hibernate.cfg.Environment            : HHH000206: hibernate.properties not found
2018-10-10 16:08:36.291  INFO 7523 --- [restartedMain] o.hibernate.annotations.common.Version   : HCANN000001: Hibernate Commons Annotations {5.0.1.Final}
2018-10-10 16:08:36.514  INFO 7523 --- [restartedMain] org.hibernate.dialect.Dialect            : HHH000400: Using dialect: org.hibernate.dialect.MySQL5Dialect
2018-10-10 16:08:37.353  INFO 7523 --- [restartedMain] j.LocalContainerEntityManagerFactoryBean : Initialized JPA EntityManagerFactory for persistence unit 'default'
2018-10-10 16:08:37.800  INFO 7523 --- [restartedMain] o.s.w.s.handler.SimpleUrlHandlerMapping  : Mapped URL path [/**/favicon.ico] onto handler of type [class org.springframework.web.servlet.resource.ResourceHttpRequestHandler]
2018-10-10 16:08:38.217  INFO 7523 --- [restartedMain] s.w.s.m.m.a.RequestMappingHandlerAdapter : Looking for @ControllerAdvice: org.springframework.boot.web.servlet.context.AnnotationConfigServletWebServerApplicationContext@44574f80: startup date [Wed Oct 10 16:08:28 CDT 2018]; root of context hierarchy
2018-10-10 16:08:38.277  WARN 7523 --- [restartedMain] aWebConfiguration$JpaWebMvcConfiguration : spring.jpa.open-in-view is enabled by default. Therefore, database queries may be performed during view rendering. Explicitly configure spring.jpa.open-in-view to disable this warning
2018-10-10 16:08:38.322  INFO 7523 --- [restartedMain] s.w.s.m.m.a.RequestMappingHandlerMapping : Mapped "{[/user],methods=[POST]}" onto public java.lang.String com.example.demo.login.LoginController.postUser(com.example.demo.login.Login)
2018-10-10 16:08:38.323  INFO 7523 --- [restartedMain] s.w.s.m.m.a.RequestMappingHandlerMapping : Mapped "{[/users],methods=[GET]}" onto public java.util.List<com.example.demo.login.Login> com.example.demo.login.LoginController.getAllUsers()
2018-10-10 16:08:38.323  INFO 7523 --- [restartedMain] s.w.s.m.m.a.RequestMappingHandlerMapping : Mapped "{[/users111],methods=[POST]}" onto public java.lang.String com.example.demo.login.LoginController.checkUserName(java.lang.String)
2018-10-10 16:08:38.324  INFO 7523 --- [restartedMain] s.w.s.m.m.a.RequestMappingHandlerMapping : Mapped "{[/reviews],methods=[POST]}" onto public java.util.List<com.example.demo.review.Review> com.example.demo.review.ReviewController.getReviews()
2018-10-10 16:08:38.327  INFO 7523 --- [restartedMain] s.w.s.m.m.a.RequestMappingHandlerMapping : Mapped "{[/error]}" onto public org.springframework.http.ResponseEntity<java.util.Map<java.lang.String, java.lang.Object>> org.springframework.boot.autoconfigure.web.servlet.error.BasicErrorController.error(javax.servlet.http.HttpServletRequest)
2018-10-10 16:08:38.329  INFO 7523 --- [restartedMain] s.w.s.m.m.a.RequestMappingHandlerMapping : Mapped "{[/error],produces=[text/html]}" onto public org.springframework.web.servlet.ModelAndView org.springframework.boot.autoconfigure.web.servlet.error.BasicErrorController.errorHtml(javax.servlet.http.HttpServletRequest,javax.servlet.http.HttpServletResponse)
2018-10-10 16:08:38.368  INFO 7523 --- [restartedMain] o.s.w.s.handler.SimpleUrlHandlerMapping  : Mapped URL path [/webjars/**] onto handler of type [class org.springframework.web.servlet.resource.ResourceHttpRequestHandler]
2018-10-10 16:08:38.369  INFO 7523 --- [restartedMain] o.s.w.s.handler.SimpleUrlHandlerMapping  : Mapped URL path [/**] onto handler of type [class org.springframework.web.servlet.resource.ResourceHttpRequestHandler]
2018-10-10 16:08:38.864  INFO 7523 --- [restartedMain] o.s.b.d.a.OptionalLiveReloadServer       : LiveReload server is running on port 35729
2018-10-10 16:08:38.879  INFO 7523 --- [restartedMain] o.s.b.a.e.web.EndpointLinksResolver      : Exposing 2 endpoint(s) beneath base path '/actuator'
2018-10-10 16:08:38.889  INFO 7523 --- [restartedMain] s.b.a.e.w.s.WebMvcEndpointHandlerMapping : Mapped "{[/actuator/health],methods=[GET],produces=[application/vnd.spring-boot.actuator.v2+json || application/json]}" onto public java.lang.Object org.springframework.boot.actuate.endpoint.web.servlet.AbstractWebMvcEndpointHandlerMapping$OperationHandler.handle(javax.servlet.http.HttpServletRequest,java.util.Map<java.lang.String, java.lang.String>)
2018-10-10 16:08:38.890  INFO 7523 --- [restartedMain] s.b.a.e.w.s.WebMvcEndpointHandlerMapping : Mapped "{[/actuator/info],methods=[GET],produces=[application/vnd.spring-boot.actuator.v2+json || application/json]}" onto public java.lang.Object org.springframework.boot.actuate.endpoint.web.servlet.AbstractWebMvcEndpointHandlerMapping$OperationHandler.handle(javax.servlet.http.HttpServletRequest,java.util.Map<java.lang.String, java.lang.String>)
2018-10-10 16:08:38.891  INFO 7523 --- [restartedMain] s.b.a.e.w.s.WebMvcEndpointHandlerMapping : Mapped "{[/actuator],methods=[GET],produces=[application/vnd.spring-boot.actuator.v2+json || application/json]}" onto protected java.util.Map<java.lang.String, java.util.Map<java.lang.String, org.springframework.boot.actuate.endpoint.web.Link>> org.springframework.boot.actuate.endpoint.web.servlet.WebMvcEndpointHandlerMapping.links(javax.servlet.http.HttpServletRequest,javax.servlet.http.HttpServletResponse)
2018-10-10 16:08:38.949  INFO 7523 --- [restartedMain] o.s.j.e.a.AnnotationMBeanExporter        : Registering beans for JMX exposure on startup
2018-10-10 16:08:38.953  INFO 7523 --- [restartedMain] o.s.j.e.a.AnnotationMBeanExporter        : Bean with name 'dataSource' has been autodetected for JMX exposure
2018-10-10 16:08:38.962  INFO 7523 --- [restartedMain] o.s.j.e.a.AnnotationMBeanExporter        : Located MBean 'dataSource': registering with JMX server as MBean [com.zaxxer.hikari:name=dataSource,type=HikariDataSource]
2018-10-10 16:08:39.032  INFO 7523 --- [restartedMain] o.s.b.w.embedded.tomcat.TomcatWebServer  : Tomcat started on port(s): 8080 (http) with context path ''
2018-10-10 16:08:39.038  INFO 7523 --- [restartedMain] com.example.demo.BackendApplication      : Started BackendApplication in 11.011 seconds (JVM running for 12.674)
2018-10-10 16:08:51.668  INFO 7523 --- [http-nio-8080-exec-1] o.a.c.c.C.[Tomcat].[localhost].[/]       : Initializing Spring FrameworkServlet 'dispatcherServlet'
2018-10-10 16:08:51.670  INFO 7523 --- [http-nio-8080-exec-1] o.s.web.servlet.DispatcherServlet        : FrameworkServlet 'dispatcherServlet': initialization started
2018-10-10 16:08:51.711  INFO 7523 --- [http-nio-8080-exec-1] o.s.web.servlet.DispatcherServlet        : FrameworkServlet 'dispatcherServlet': initialization completed in 41 ms
2018-10-10 16:08:51.873  INFO 7523 --- [http-nio-8080-exec-1] com.example.demo.login.LoginController   : Entered into Controller Layer
2018-10-10 16:08:52.014  INFO 7523 --- [http-nio-8080-exec-1] o.h.h.i.QueryTranslatorFactoryInitiator  : HHH000397: Using ASTQueryTranslatorFactory
2018-10-10 16:08:52.325  INFO 7523 --- [http-nio-8080-exec-1] com.example.demo.login.LoginController   : ========Number of Records Fetched:10
2018-10-10 16:10:47.508  INFO 7523 --- [RMI TCP Connection(4)-127.0.0.1] inMXBeanRegistrar$SpringApplicationAdmin : Application shutdown requested.
2018-10-10 16:10:47.508  INFO 7523 --- [RMI TCP Connection(2)-127.0.0.1] inMXBeanRegistrar$SpringApplicationAdmin : Application shutdown requested.
2018-10-10 16:10:47.525  INFO 7523 --- [RMI TCP Connection(4)-127.0.0.1] ConfigServletWebServerApplicationContext : Closing org.springframework.boot.web.servlet.context.AnnotationConfigServletWebServerApplicationContext@44574f80: startup date [Wed Oct 10 16:08:28 CDT 2018]; root of context hierarchy
2018-10-10 16:10:47.565  INFO 7523 --- [RMI TCP Connection(4)-127.0.0.1] o.s.j.e.a.AnnotationMBeanExporter        : Unregistering JMX-exposed beans on shutdown
2018-10-10 16:10:47.577  INFO 7523 --- [RMI TCP Connection(4)-127.0.0.1] o.s.j.e.a.AnnotationMBeanExporter        : Unregistering JMX-exposed beans
2018-10-10 16:10:47.582  INFO 7523 --- [RMI TCP Connection(4)-127.0.0.1] j.LocalContainerEntityManagerFactoryBean : Closing JPA EntityManagerFactory for persistence unit 'default'
2018-10-10 16:10:47.592  INFO 7523 --- [RMI TCP Connection(4)-127.0.0.1] com.zaxxer.hikari.HikariDataSource       : HikariPool-1 - Shutdown initiated...
2018-10-10 16:10:47.617  INFO 7523 --- [RMI TCP Connection(4)-127.0.0.1] com.zaxxer.hikari.HikariDataSource       : HikariPool-1 - Shutdown completed.
2018-10-10 17:04:28.054  INFO 8229 --- [restartedMain] com.example.demo.BackendApplication      : Starting BackendApplication on yings-air-5.student.iastate.edu with PID 8229 (/Users/tensoncai/CS309/SB_7/Backend/backend/target/classes started by tensoncai in /Users/tensoncai/CS309/SB_7/Backend/backend)
2018-10-10 17:04:28.056  INFO 8229 --- [restartedMain] com.example.demo.BackendApplication      : No active profile set, falling back to default profiles: default
2018-10-10 17:04:28.159  INFO 8229 --- [restartedMain] ConfigServletWebServerApplicationContext : Refreshing org.springframework.boot.web.servlet.context.AnnotationConfigServletWebServerApplicationContext@7a80cd9b: startup date [Wed Oct 10 17:04:28 CDT 2018]; root of context hierarchy
2018-10-10 17:04:30.799  INFO 8229 --- [restartedMain] trationDelegate$BeanPostProcessorChecker : Bean 'org.springframework.transaction.annotation.ProxyTransactionManagementConfiguration' of type [org.springframework.transaction.annotation.ProxyTransactionManagementConfiguration$$EnhancerBySpringCGLIB$$32c6354a] is not eligible for getting processed by all BeanPostProcessors (for example: not eligible for auto-proxying)
2018-10-10 17:04:31.534  INFO 8229 --- [restartedMain] o.s.b.w.embedded.tomcat.TomcatWebServer  : Tomcat initialized with port(s): 8080 (http)
2018-10-10 17:04:31.575  INFO 8229 --- [restartedMain] o.apache.catalina.core.StandardService   : Starting service [Tomcat]
2018-10-10 17:04:31.576  INFO 8229 --- [restartedMain] org.apache.catalina.core.StandardEngine  : Starting Servlet Engine: Apache Tomcat/8.5.34
2018-10-10 17:04:31.584  INFO 8229 --- [localhost-startStop-1] o.a.catalina.core.AprLifecycleListener   : The APR based Apache Tomcat Native library which allows optimal performance in production environments was not found on the java.library.path: [/Users/tensoncai/Library/Java/Extensions:/Library/Java/Extensions:/Network/Library/Java/Extensions:/System/Library/Java/Extensions:/usr/lib/java:.]
2018-10-10 17:04:31.716  INFO 8229 --- [localhost-startStop-1] o.a.c.c.C.[Tomcat].[localhost].[/]       : Initializing Spring embedded WebApplicationContext
2018-10-10 17:04:31.717  INFO 8229 --- [localhost-startStop-1] o.s.web.context.ContextLoader            : Root WebApplicationContext: initialization completed in 3558 ms
2018-10-10 17:04:32.565  INFO 8229 --- [localhost-startStop-1] o.s.b.w.servlet.FilterRegistrationBean   : Mapping filter: 'characterEncodingFilter' to: [/*]
2018-10-10 17:04:32.566  INFO 8229 --- [localhost-startStop-1] o.s.b.w.servlet.FilterRegistrationBean   : Mapping filter: 'webMvcMetricsFilter' to: [/*]
2018-10-10 17:04:32.566  INFO 8229 --- [localhost-startStop-1] o.s.b.w.servlet.FilterRegistrationBean   : Mapping filter: 'hiddenHttpMethodFilter' to: [/*]
2018-10-10 17:04:32.567  INFO 8229 --- [localhost-startStop-1] o.s.b.w.servlet.FilterRegistrationBean   : Mapping filter: 'httpPutFormContentFilter' to: [/*]
2018-10-10 17:04:32.567  INFO 8229 --- [localhost-startStop-1] o.s.b.w.servlet.FilterRegistrationBean   : Mapping filter: 'requestContextFilter' to: [/*]
2018-10-10 17:04:32.567  INFO 8229 --- [localhost-startStop-1] o.s.b.w.servlet.FilterRegistrationBean   : Mapping filter: 'httpTraceFilter' to: [/*]
2018-10-10 17:04:32.568  INFO 8229 --- [localhost-startStop-1] o.s.b.w.servlet.ServletRegistrationBean  : Servlet dispatcherServlet mapped to [/]
2018-10-10 17:04:32.730  INFO 8229 --- [restartedMain] com.zaxxer.hikari.HikariDataSource       : HikariPool-1 - Starting...
2018-10-10 17:04:33.299  INFO 8229 --- [restartedMain] com.zaxxer.hikari.HikariDataSource       : HikariPool-1 - Start completed.
2018-10-10 17:04:33.364  INFO 8229 --- [restartedMain] j.LocalContainerEntityManagerFactoryBean : Building JPA container EntityManagerFactory for persistence unit 'default'
2018-10-10 17:04:33.389  INFO 8229 --- [restartedMain] o.hibernate.jpa.internal.util.LogHelper  : HHH000204: Processing PersistenceUnitInfo [
	name: default
	...]
2018-10-10 17:04:33.536  INFO 8229 --- [restartedMain] org.hibernate.Version                    : HHH000412: Hibernate Core {5.2.17.Final}
2018-10-10 17:04:33.539  INFO 8229 --- [restartedMain] org.hibernate.cfg.Environment            : HHH000206: hibernate.properties not found
2018-10-10 17:04:33.623  INFO 8229 --- [restartedMain] o.hibernate.annotations.common.Version   : HCANN000001: Hibernate Commons Annotations {5.0.1.Final}
2018-10-10 17:04:33.906  INFO 8229 --- [restartedMain] org.hibernate.dialect.Dialect            : HHH000400: Using dialect: org.hibernate.dialect.MySQL5Dialect
2018-10-10 17:04:34.721  INFO 8229 --- [restartedMain] j.LocalContainerEntityManagerFactoryBean : Initialized JPA EntityManagerFactory for persistence unit 'default'
2018-10-10 17:04:35.162  INFO 8229 --- [restartedMain] o.s.w.s.handler.SimpleUrlHandlerMapping  : Mapped URL path [/**/favicon.ico] onto handler of type [class org.springframework.web.servlet.resource.ResourceHttpRequestHandler]
2018-10-10 17:04:36.083  INFO 8229 --- [restartedMain] s.w.s.m.m.a.RequestMappingHandlerAdapter : Looking for @ControllerAdvice: org.springframework.boot.web.servlet.context.AnnotationConfigServletWebServerApplicationContext@7a80cd9b: startup date [Wed Oct 10 17:04:28 CDT 2018]; root of context hierarchy
2018-10-10 17:04:36.280  WARN 8229 --- [restartedMain] aWebConfiguration$JpaWebMvcConfiguration : spring.jpa.open-in-view is enabled by default. Therefore, database queries may be performed during view rendering. Explicitly configure spring.jpa.open-in-view to disable this warning
2018-10-10 17:04:36.510  INFO 8229 --- [restartedMain] s.w.s.m.m.a.RequestMappingHandlerMapping : Mapped "{[/users],methods=[GET]}" onto public java.util.List<com.example.demo.login.Login> com.example.demo.login.LoginController.getAllUsers()
2018-10-10 17:04:36.515  INFO 8229 --- [restartedMain] s.w.s.m.m.a.RequestMappingHandlerMapping : Mapped "{[/user],methods=[POST]}" onto public java.lang.String com.example.demo.login.LoginController.postUser(com.example.demo.login.Login)
2018-10-10 17:04:36.515  INFO 8229 --- [restartedMain] s.w.s.m.m.a.RequestMappingHandlerMapping : Mapped "{[/users111],methods=[POST]}" onto public java.lang.String com.example.demo.login.LoginController.checkUserName(java.lang.String)
2018-10-10 17:04:36.516  INFO 8229 --- [restartedMain] s.w.s.m.m.a.RequestMappingHandlerMapping : Mapped "{[/reviews],methods=[POST]}" onto public java.util.List<com.example.demo.review.Review> com.example.demo.review.ReviewController.getReviews()
2018-10-10 17:04:36.522  INFO 8229 --- [restartedMain] s.w.s.m.m.a.RequestMappingHandlerMapping : Mapped "{[/error]}" onto public org.springframework.http.ResponseEntity<java.util.Map<java.lang.String, java.lang.Object>> org.springframework.boot.autoconfigure.web.servlet.error.BasicErrorController.error(javax.servlet.http.HttpServletRequest)
2018-10-10 17:04:36.523  INFO 8229 --- [restartedMain] s.w.s.m.m.a.RequestMappingHandlerMapping : Mapped "{[/error],produces=[text/html]}" onto public org.springframework.web.servlet.ModelAndView org.springframework.boot.autoconfigure.web.servlet.error.BasicErrorController.errorHtml(javax.servlet.http.HttpServletRequest,javax.servlet.http.HttpServletResponse)
2018-10-10 17:04:36.590  INFO 8229 --- [restartedMain] o.s.w.s.handler.SimpleUrlHandlerMapping  : Mapped URL path [/webjars/**] onto handler of type [class org.springframework.web.servlet.resource.ResourceHttpRequestHandler]
2018-10-10 17:04:36.591  INFO 8229 --- [restartedMain] o.s.w.s.handler.SimpleUrlHandlerMapping  : Mapped URL path [/**] onto handler of type [class org.springframework.web.servlet.resource.ResourceHttpRequestHandler]
2018-10-10 17:04:38.546  INFO 8229 --- [restartedMain] o.s.b.d.a.OptionalLiveReloadServer       : LiveReload server is running on port 35729
2018-10-10 17:04:38.703  INFO 8229 --- [restartedMain] o.s.b.a.e.web.EndpointLinksResolver      : Exposing 2 endpoint(s) beneath base path '/actuator'
2018-10-10 17:04:39.008  INFO 8229 --- [restartedMain] s.b.a.e.w.s.WebMvcEndpointHandlerMapping : Mapped "{[/actuator/health],methods=[GET],produces=[application/vnd.spring-boot.actuator.v2+json || application/json]}" onto public java.lang.Object org.springframework.boot.actuate.endpoint.web.servlet.AbstractWebMvcEndpointHandlerMapping$OperationHandler.handle(javax.servlet.http.HttpServletRequest,java.util.Map<java.lang.String, java.lang.String>)
2018-10-10 17:04:39.014  INFO 8229 --- [restartedMain] s.b.a.e.w.s.WebMvcEndpointHandlerMapping : Mapped "{[/actuator/info],methods=[GET],produces=[application/vnd.spring-boot.actuator.v2+json || application/json]}" onto public java.lang.Object org.springframework.boot.actuate.endpoint.web.servlet.AbstractWebMvcEndpointHandlerMapping$OperationHandler.handle(javax.servlet.http.HttpServletRequest,java.util.Map<java.lang.String, java.lang.String>)
2018-10-10 17:04:39.020  INFO 8229 --- [restartedMain] s.b.a.e.w.s.WebMvcEndpointHandlerMapping : Mapped "{[/actuator],methods=[GET],produces=[application/vnd.spring-boot.actuator.v2+json || application/json]}" onto protected java.util.Map<java.lang.String, java.util.Map<java.lang.String, org.springframework.boot.actuate.endpoint.web.Link>> org.springframework.boot.actuate.endpoint.web.servlet.WebMvcEndpointHandlerMapping.links(javax.servlet.http.HttpServletRequest,javax.servlet.http.HttpServletResponse)
2018-10-10 17:04:40.247  INFO 8229 --- [restartedMain] o.s.j.e.a.AnnotationMBeanExporter        : Registering beans for JMX exposure on startup
2018-10-10 17:04:40.274  INFO 8229 --- [restartedMain] o.s.j.e.a.AnnotationMBeanExporter        : Bean with name 'dataSource' has been autodetected for JMX exposure
2018-10-10 17:04:40.338  INFO 8229 --- [restartedMain] o.s.j.e.a.AnnotationMBeanExporter        : Located MBean 'dataSource': registering with JMX server as MBean [com.zaxxer.hikari:name=dataSource,type=HikariDataSource]
2018-10-10 17:04:40.701  INFO 8229 --- [restartedMain] o.s.b.w.embedded.tomcat.TomcatWebServer  : Tomcat started on port(s): 8080 (http) with context path ''
2018-10-10 17:04:40.734  INFO 8229 --- [restartedMain] com.example.demo.BackendApplication      : Started BackendApplication in 13.933 seconds (JVM running for 15.917)
2018-10-10 17:04:43.772  INFO 8229 --- [http-nio-8080-exec-1] o.a.c.c.C.[Tomcat].[localhost].[/]       : Initializing Spring FrameworkServlet 'dispatcherServlet'
2018-10-10 17:04:43.774  INFO 8229 --- [http-nio-8080-exec-1] o.s.web.servlet.DispatcherServlet        : FrameworkServlet 'dispatcherServlet': initialization started
2018-10-10 17:04:43.835  INFO 8229 --- [http-nio-8080-exec-1] o.s.web.servlet.DispatcherServlet        : FrameworkServlet 'dispatcherServlet': initialization completed in 60 ms
2018-10-10 17:04:44.240  INFO 8229 --- [http-nio-8080-exec-1] com.example.demo.login.LoginController   : Entered into Controller Layer
2018-10-10 17:04:44.408  INFO 8229 --- [http-nio-8080-exec-1] o.h.h.i.QueryTranslatorFactoryInitiator  : HHH000397: Using ASTQueryTranslatorFactory
2018-10-10 17:04:44.677  INFO 8229 --- [http-nio-8080-exec-1] com.example.demo.login.LoginController   : Number of Records Fetched:10
2018-10-10 17:05:33.623  INFO 8229 --- [http-nio-8080-exec-3] com.example.demo.login.LoginController   : Entered into Controller Layer
2018-10-10 17:05:33.652  INFO 8229 --- [http-nio-8080-exec-3] com.example.demo.login.LoginController   : ========Number of Records Fetched:10
2018-10-10 17:05:36.652  INFO 8229 --- [http-nio-8080-exec-4] com.example.demo.login.LoginController   : Entered into Controller Layer
2018-10-10 17:05:36.668  INFO 8229 --- [http-nio-8080-exec-4] com.example.demo.login.LoginController   : ========Number of Records Fetched:10
2018-10-10 17:06:00.447  INFO 8229 --- [http-nio-8080-exec-6] com.example.demo.login.LoginController   : Entered into Controller Layer
2018-10-10 17:06:00.479  INFO 8229 --- [http-nio-8080-exec-6] com.example.demo.login.LoginController   : ========Number of Records Fetched:10
2018-10-10 17:06:35.076  INFO 8229 --- [http-nio-8080-exec-7] com.example.demo.login.LoginController   : Entered into Controller Layer
2018-10-10 17:06:35.126  INFO 8229 --- [http-nio-8080-exec-7] com.example.demo.login.LoginController   : ========Number of Records Fetched:10
2018-10-10 17:23:52.343  INFO 8229 --- [RMI TCP Connection(2)-127.0.0.1] inMXBeanRegistrar$SpringApplicationAdmin : Application shutdown requested.
2018-10-10 17:23:52.347  INFO 8229 --- [RMI TCP Connection(2)-127.0.0.1] ConfigServletWebServerApplicationContext : Closing org.springframework.boot.web.servlet.context.AnnotationConfigServletWebServerApplicationContext@7a80cd9b: startup date [Wed Oct 10 17:04:28 CDT 2018]; root of context hierarchy
2018-10-10 17:23:52.384  INFO 8229 --- [RMI TCP Connection(2)-127.0.0.1] o.s.j.e.a.AnnotationMBeanExporter        : Unregistering JMX-exposed beans on shutdown
2018-10-10 17:23:52.386  INFO 8229 --- [RMI TCP Connection(2)-127.0.0.1] o.s.j.e.a.AnnotationMBeanExporter        : Unregistering JMX-exposed beans
2018-10-10 17:23:52.389  INFO 8229 --- [RMI TCP Connection(2)-127.0.0.1] j.LocalContainerEntityManagerFactoryBean : Closing JPA EntityManagerFactory for persistence unit 'default'
2018-10-10 17:23:52.399  INFO 8229 --- [RMI TCP Connection(2)-127.0.0.1] com.zaxxer.hikari.HikariDataSource       : HikariPool-1 - Shutdown initiated...
2018-10-10 17:23:52.418  INFO 8229 --- [RMI TCP Connection(2)-127.0.0.1] com.zaxxer.hikari.HikariDataSource       : HikariPool-1 - Shutdown completed.
